# JRE version: OpenJDK Runtime Environment Temurin-17.0.10+7 (17.0.10+7) (build 17.0.10+7)
# Java VM: OpenJDK 64-Bit Server VM Temurin-17.0.10+7 (17.0.10+7, mixed mode, emulated-client, tiered, compressed oops, compressed class ptrs, g1 gc, windows-amd64)
GC Precious Log:
 CPUs: 8 total, 8 available
 Memory: 7833M
 Large Page Support: Disabled
 NUMA Support: Disabled
 Compressed Oops: Enabled (32-bit)
 Heap Region Size: 1M
 Heap Min Capacity: 8M
 Heap Initial Capacity: 124M
 Heap Max Capacity: 1G
 Pre-touch: Disabled
 Parallel Workers: 8
 Concurrent Workers: 2
 Concurrent Refinement Workers: 8
 Periodic GC: Disabled
Heap:
 garbage-first heap   total 116736K, used 40953K [0x00000000c0000000, 0x0000000100000000)
  region size 1024K, 1 young (1024K), 0 survivors (0K)
 Metaspace       used 62246K, committed 62784K, reserved 1114112K
  class space    used 7932K, committed 8192K, reserved 1048576K
GC Heap History (20 events):
Event: 6951.321 GC heap before
{Heap before GC invocations=343 (full 246):
 garbage-first heap   total 116736K, used 41050K [0x00000000c0000000, 0x0000000100000000)
  region size 1024K, 1 young (1024K), 0 survivors (0K)
 Metaspace       used 62246K, committed 62784K, reserved 1114112K
  class space    used 7932K, committed 8192K, reserved 1048576K
}
Event: 6951.382 GC heap after
{Heap after GC invocations=344 (full 247):
 garbage-first heap   total 116736K, used 41050K [0x00000000c0000000, 0x0000000100000000)
  region size 1024K, 0 young (0K), 0 survivors (0K)
 Metaspace       used 62246K, committed 62784K, reserved 1114112K
  class space    used 7932K, committed 8192K, reserved 1048576K
}
Event: 6961.663 GC heap before
{Heap before GC invocations=344 (full 247):
 garbage-first heap   total 116736K, used 41050K [0x00000000c0000000, 0x0000000100000000)
  region size 1024K, 1 young (1024K), 0 survivors (0K)
 Metaspace       used 62246K, committed 62784K, reserved 1114112K
  class space    used 7932K, committed 8192K, reserved 1048576K
}
Event: 6961.720 GC heap after
{Heap after GC invocations=345 (full 248):
 garbage-first heap   total 116736K, used 40953K [0x00000000c0000000, 0x0000000100000000)
  region size 1024K, 0 young (0K), 0 survivors (0K)
 Metaspace       used 62246K, committed 62784K, reserved 1114112K
  class space    used 7932K, committed 8192K, reserved 1048576K
}
Event: 6971.933 GC heap before
{Heap before GC invocations=345 (full 248):
 garbage-first heap   total 116736K, used 40953K [0x00000000c0000000, 0x0000000100000000)
  region size 1024K, 1 young (1024K), 0 survivors (0K)
 Metaspace       used 62246K, committed 62784K, reserved 1114112K
  class space    used 7932K, committed 8192K, reserved 1048576K
}
Event: 6971.991 GC heap after
{Heap after GC invocations=346 (full 249):
 garbage-first heap   total 116736K, used 40953K [0x00000000c0000000, 0x0000000100000000)
  region size 1024K, 0 young (0K), 0 survivors (0K)
 Metaspace       used 62246K, committed 62784K, reserved 1114112K
  class space    used 7932K, committed 8192K, reserved 1048576K
}
Event: 6982.203 GC heap before
{Heap before GC invocations=346 (full 249):
 garbage-first heap   total 116736K, used 40953K [0x00000000c0000000, 0x0000000100000000)
  region size 1024K, 1 young (1024K), 0 survivors (0K)
 Metaspace       used 62246K, committed 62784K, reserved 1114112K
  class space    used 7932K, committed 8192K, reserved 1048576K
}
Event: 6982.255 GC heap after
{Heap after GC invocations=347 (full 250):
 garbage-first heap   total 116736K, used 40953K [0x00000000c0000000, 0x0000000100000000)
  region size 1024K, 0 young (0K), 0 survivors (0K)
 Metaspace       used 62246K, committed 62784K, reserved 1114112K
  class space    used 7932K, committed 8192K, reserved 1048576K
}
Event: 6992.598 GC heap before
{Heap before GC invocations=347 (full 250):
 garbage-first heap   total 116736K, used 40953K [0x00000000c0000000, 0x0000000100000000)
  region size 1024K, 1 young (1024K), 0 survivors (0K)
 Metaspace       used 62246K, committed 62784K, reserved 1114112K
  class space    used 7932K, committed 8192K, reserved 1048576K
}
Event: 6992.676 GC heap after
{Heap after GC invocations=348 (full 251):
 garbage-first heap   total 116736K, used 40953K [0x00000000c0000000, 0x0000000100000000)
  region size 1024K, 0 young (0K), 0 survivors (0K)
 Metaspace       used 62246K, committed 62784K, reserved 1114112K
  class space    used 7932K, committed 8192K, reserved 1048576K
}
Event: 7002.926 GC heap before
{Heap before GC invocations=348 (full 251):
 garbage-first heap   total 116736K, used 40953K [0x00000000c0000000, 0x0000000100000000)
  region size 1024K, 1 young (1024K), 0 survivors (0K)
 Metaspace       used 62246K, committed 62784K, reserved 1114112K
  class space    used 7932K, committed 8192K, reserved 1048576K
}
Event: 7002.996 GC heap after
{Heap after GC invocations=349 (full 252):
 garbage-first heap   total 116736K, used 40953K [0x00000000c0000000, 0x0000000100000000)
  region size 1024K, 0 young (0K), 0 survivors (0K)
 Metaspace       used 62246K, committed 62784K, reserved 1114112K
  class space    used 7932K, committed 8192K, reserved 1048576K
}
Event: 7013.258 GC heap before
{Heap before GC invocations=349 (full 252):
 garbage-first heap   total 116736K, used 40953K [0x00000000c0000000, 0x0000000100000000)
  region size 1024K, 1 young (1024K), 0 survivors (0K)
 Metaspace       used 62246K, committed 62784K, reserved 1114112K
  class space    used 7932K, committed 8192K, reserved 1048576K
}
Event: 7013.324 GC heap after
{Heap after GC invocations=350 (full 253):
 garbage-first heap   total 116736K, used 40953K [0x00000000c0000000, 0x0000000100000000)
  region size 1024K, 0 young (0K), 0 survivors (0K)
 Metaspace       used 62246K, committed 62784K, reserved 1114112K
  class space    used 7932K, committed 8192K, reserved 1048576K
}
Event: 7023.553 GC heap before
{Heap before GC invocations=350 (full 253):
 garbage-first heap   total 116736K, used 40953K [0x00000000c0000000, 0x0000000100000000)
  region size 1024K, 1 young (1024K), 0 survivors (0K)
 Metaspace       used 62246K, committed 62784K, reserved 1114112K
  class space    used 7932K, committed 8192K, reserved 1048576K
}
Event: 7023.604 GC heap after
{Heap after GC invocations=351 (full 254):
 garbage-first heap   total 116736K, used 40953K [0x00000000c0000000, 0x0000000100000000)
  region size 1024K, 0 young (0K), 0 survivors (0K)
 Metaspace       used 62246K, committed 62784K, reserved 1114112K
  class space    used 7932K, committed 8192K, reserved 1048576K
}
Event: 7033.821 GC heap before
{Heap before GC invocations=351 (full 254):
 garbage-first heap   total 116736K, used 40953K [0x00000000c0000000, 0x0000000100000000)
  region size 1024K, 1 young (1024K), 0 survivors (0K)
 Metaspace       used 62246K, committed 62784K, reserved 1114112K
  class space    used 7932K, committed 8192K, reserved 1048576K
}
Event: 7033.878 GC heap after
{Heap after GC invocations=352 (full 255):
 garbage-first heap   total 116736K, used 40953K [0x00000000c0000000, 0x0000000100000000)
  region size 1024K, 0 young (0K), 0 survivors (0K)
 Metaspace       used 62246K, committed 62784K, reserved 1114112K
  class space    used 7932K, committed 8192K, reserved 1048576K
}
Event: 7044.192 GC heap before
{Heap before GC invocations=352 (full 255):
 garbage-first heap   total 116736K, used 40953K [0x00000000c0000000, 0x0000000100000000)
  region size 1024K, 1 young (1024K), 0 survivors (0K)
 Metaspace       used 62246K, committed 62784K, reserved 1114112K
  class space    used 7932K, committed 8192K, reserved 1048576K
}
Event: 7044.254 GC heap after
{Heap after GC invocations=353 (full 256):
 garbage-first heap   total 116736K, used 40953K [0x00000000c0000000, 0x0000000100000000)
  region size 1024K, 0 young (0K), 0 survivors (0K)
 Metaspace       used 62246K, committed 62784K, reserved 1114112K
  class space    used 7932K, committed 8192K, reserved 1048576K
}

